0 info it worked if it ends with ok
1 verbose cli [ '/usr/local/bin/node', '/usr/local/bin/npm', 'install' ]
2 info using npm@3.10.10
3 info using node@v6.11.0
4 silly loadCurrentTree Starting
5 silly install loadCurrentTree
6 silly install readLocalPackageData
7 silly install normalizeTree
8 silly loadCurrentTree Finishing
9 silly loadIdealTree Starting
10 silly install loadIdealTree
11 silly cloneCurrentTree Starting
12 silly install cloneCurrentTreeToIdealTree
13 silly cloneCurrentTree Finishing
14 silly loadShrinkwrap Starting
15 silly install loadShrinkwrap
16 silly loadShrinkwrap Finishing
17 silly loadAllDepsIntoIdealTree Starting
18 silly install loadAllDepsIntoIdealTree
19 silly loadAllDepsIntoIdealTree Finishing
20 silly loadIdealTree Finishing
21 silly currentTree wcs-contest@1.0.0
21 silly currentTree ├── abbrev@1.1.0
21 silly currentTree ├── accepts@1.3.3
21 silly currentTree ├── ansi@0.3.1
21 silly currentTree ├── archy@0.0.2
21 silly currentTree ├── array-flatten@1.1.1
21 silly currentTree ├── async@0.1.22
21 silly currentTree ├── binary@0.3.0
21 silly currentTree ├── block-stream@0.0.9
21 silly currentTree ├── body-parser@1.17.2
21 silly currentTree ├── bower@0.6.8
21 silly currentTree ├── buffers@0.1.1
21 silly currentTree ├── bytes@2.4.0
21 silly currentTree ├── chainsaw@0.1.0
21 silly currentTree ├── colors@0.6.2
21 silly currentTree ├── config-chain@0.3.4
21 silly currentTree ├── content-disposition@0.5.2
21 silly currentTree ├── content-type@1.0.2
21 silly currentTree ├── cookie-signature@1.0.6
21 silly currentTree ├── cookie@0.3.1
21 silly currentTree ├── debug@2.6.7
21 silly currentTree ├── depd@1.1.0
21 silly currentTree ├── destroy@1.0.4
21 silly currentTree ├── diff@1.0.8
21 silly currentTree ├── ee-first@1.1.1
21 silly currentTree ├── ejs@2.5.6
21 silly currentTree ├── encodeurl@1.0.1
21 silly currentTree ├── escape-html@1.0.3
21 silly currentTree ├── etag@1.8.0
21 silly currentTree ├── express@4.15.3
21 silly currentTree ├── eyes@0.1.8
21 silly currentTree ├── finalhandler@1.0.3
21 silly currentTree ├── forwarded@0.1.0
21 silly currentTree ├── fresh@0.5.0
21 silly currentTree ├─┬ fstream@0.1.31
21 silly currentTree │ └── mkdirp@0.5.1
21 silly currentTree ├─┬ glob@3.1.21
21 silly currentTree │ ├── graceful-fs@1.2.3
21 silly currentTree │ └── inherits@1.0.2
21 silly currentTree ├── graceful-fs@3.0.11
21 silly currentTree ├── hogan.js@2.0.0
21 silly currentTree ├── http-errors@1.6.1
21 silly currentTree ├── iconv-lite@0.4.15
21 silly currentTree ├── inherits@2.0.3
21 silly currentTree ├── ini@1.0.5
21 silly currentTree ├── ipaddr.js@1.3.0
21 silly currentTree ├── lodash@0.9.2
21 silly currentTree ├── lru-cache@2.7.3
21 silly currentTree ├── media-typer@0.3.0
21 silly currentTree ├── merge-descriptors@1.0.1
21 silly currentTree ├── methods@1.1.2
21 silly currentTree ├── mime-db@1.27.0
21 silly currentTree ├── mime-types@2.1.15
21 silly currentTree ├── mime@1.3.4
21 silly currentTree ├── minimatch@0.2.14
21 silly currentTree ├── minimist@0.0.8
21 silly currentTree ├── mkdirp@0.3.5
21 silly currentTree ├── ms@2.0.0
21 silly currentTree ├── natives@1.1.0
21 silly currentTree ├── negotiator@0.6.1
21 silly currentTree ├── nopt@2.0.0
21 silly currentTree ├── npmlog@0.1.1
21 silly currentTree ├── on-finished@2.3.0
21 silly currentTree ├── optimist@0.3.7
21 silly currentTree ├── os-tmpdir@1.0.2
21 silly currentTree ├── over@0.0.5
21 silly currentTree ├── parseurl@1.3.1
21 silly currentTree ├── path-to-regexp@0.1.7
21 silly currentTree ├── proto-list@1.2.4
21 silly currentTree ├── proxy-addr@1.1.4
21 silly currentTree ├── pullstream@0.0.4
21 silly currentTree ├── qs@6.4.0
21 silly currentTree ├── range-parser@1.2.0
21 silly currentTree ├── raw-body@2.2.0
21 silly currentTree ├── rc@0.0.8
21 silly currentTree ├─┬ read-package-json@0.1.13
21 silly currentTree │ ├── graceful-fs@1.2.3
21 silly currentTree │ └── lru-cache@2.0.4
21 silly currentTree ├─┬ request@2.11.4
21 silly currentTree │ ├─┬ form-data@0.0.3
21 silly currentTree │ │ ├── async@0.1.9
21 silly currentTree │ │ └─┬ combined-stream@0.0.3
21 silly currentTree │ │   └── delayed-stream@0.0.5
21 silly currentTree │ └── mime@1.2.7
21 silly currentTree ├─┬ rimraf@2.0.3
21 silly currentTree │ └── graceful-fs@1.1.14
21 silly currentTree ├── semver@1.1.4
21 silly currentTree ├── send@0.15.3
21 silly currentTree ├── serve-static@1.12.3
21 silly currentTree ├── setprototypeof@1.0.3
21 silly currentTree ├── sigmund@1.0.1
21 silly currentTree ├── slide@1.1.6
21 silly currentTree ├── stable@0.1.6
21 silly currentTree ├── statuses@1.3.1
21 silly currentTree ├── stream-buffers@0.2.6
21 silly currentTree ├── tar@0.1.20
21 silly currentTree ├── tmp@0.0.31
21 silly currentTree ├── traverse@0.3.9
21 silly currentTree ├── type-is@1.6.15
21 silly currentTree ├── unpipe@1.0.0
21 silly currentTree ├── unzip@0.0.4
21 silly currentTree ├── utils-merge@1.0.0
21 silly currentTree ├── vary@1.1.1
21 silly currentTree ├── vows@0.6.4
21 silly currentTree └── wordwrap@0.0.3
22 silly idealTree wcs-contest@1.0.0
22 silly idealTree ├── abbrev@1.1.0
22 silly idealTree ├── accepts@1.3.3
22 silly idealTree ├── ansi@0.3.1
22 silly idealTree ├── archy@0.0.2
22 silly idealTree ├── array-flatten@1.1.1
22 silly idealTree ├── async@0.1.22
22 silly idealTree ├── binary@0.3.0
22 silly idealTree ├── block-stream@0.0.9
22 silly idealTree ├── body-parser@1.17.2
22 silly idealTree ├── bower@0.6.8
22 silly idealTree ├── buffers@0.1.1
22 silly idealTree ├── bytes@2.4.0
22 silly idealTree ├── chainsaw@0.1.0
22 silly idealTree ├── colors@0.6.2
22 silly idealTree ├── config-chain@0.3.4
22 silly idealTree ├── content-disposition@0.5.2
22 silly idealTree ├── content-type@1.0.2
22 silly idealTree ├── cookie-signature@1.0.6
22 silly idealTree ├── cookie@0.3.1
22 silly idealTree ├── debug@2.6.7
22 silly idealTree ├── depd@1.1.0
22 silly idealTree ├── destroy@1.0.4
22 silly idealTree ├── diff@1.0.8
22 silly idealTree ├── ee-first@1.1.1
22 silly idealTree ├── ejs@2.5.6
22 silly idealTree ├── encodeurl@1.0.1
22 silly idealTree ├── escape-html@1.0.3
22 silly idealTree ├── etag@1.8.0
22 silly idealTree ├── express@4.15.3
22 silly idealTree ├── eyes@0.1.8
22 silly idealTree ├── finalhandler@1.0.3
22 silly idealTree ├── forwarded@0.1.0
22 silly idealTree ├── fresh@0.5.0
22 silly idealTree ├─┬ fstream@0.1.31
22 silly idealTree │ └── mkdirp@0.5.1
22 silly idealTree ├─┬ glob@3.1.21
22 silly idealTree │ ├── graceful-fs@1.2.3
22 silly idealTree │ └── inherits@1.0.2
22 silly idealTree ├── graceful-fs@3.0.11
22 silly idealTree ├── hogan.js@2.0.0
22 silly idealTree ├── http-errors@1.6.1
22 silly idealTree ├── iconv-lite@0.4.15
22 silly idealTree ├── inherits@2.0.3
22 silly idealTree ├── ini@1.0.5
22 silly idealTree ├── ipaddr.js@1.3.0
22 silly idealTree ├── lodash@0.9.2
22 silly idealTree ├── lru-cache@2.7.3
22 silly idealTree ├── media-typer@0.3.0
22 silly idealTree ├── merge-descriptors@1.0.1
22 silly idealTree ├── methods@1.1.2
22 silly idealTree ├── mime-db@1.27.0
22 silly idealTree ├── mime-types@2.1.15
22 silly idealTree ├── mime@1.3.4
22 silly idealTree ├── minimatch@0.2.14
22 silly idealTree ├── minimist@0.0.8
22 silly idealTree ├── mkdirp@0.3.5
22 silly idealTree ├── ms@2.0.0
22 silly idealTree ├── natives@1.1.0
22 silly idealTree ├── negotiator@0.6.1
22 silly idealTree ├── nopt@2.0.0
22 silly idealTree ├── npmlog@0.1.1
22 silly idealTree ├── on-finished@2.3.0
22 silly idealTree ├── optimist@0.3.7
22 silly idealTree ├── os-tmpdir@1.0.2
22 silly idealTree ├── over@0.0.5
22 silly idealTree ├── parseurl@1.3.1
22 silly idealTree ├── path-to-regexp@0.1.7
22 silly idealTree ├── proto-list@1.2.4
22 silly idealTree ├── proxy-addr@1.1.4
22 silly idealTree ├── pullstream@0.0.4
22 silly idealTree ├── qs@6.4.0
22 silly idealTree ├── range-parser@1.2.0
22 silly idealTree ├── raw-body@2.2.0
22 silly idealTree ├── rc@0.0.8
22 silly idealTree ├─┬ read-package-json@0.1.13
22 silly idealTree │ ├── graceful-fs@1.2.3
22 silly idealTree │ └── lru-cache@2.0.4
22 silly idealTree ├─┬ request@2.11.4
22 silly idealTree │ ├─┬ form-data@0.0.3
22 silly idealTree │ │ ├── async@0.1.9
22 silly idealTree │ │ └─┬ combined-stream@0.0.3
22 silly idealTree │ │   └── delayed-stream@0.0.5
22 silly idealTree │ └── mime@1.2.7
22 silly idealTree ├─┬ rimraf@2.0.3
22 silly idealTree │ └── graceful-fs@1.1.14
22 silly idealTree ├── semver@1.1.4
22 silly idealTree ├── send@0.15.3
22 silly idealTree ├── serve-static@1.12.3
22 silly idealTree ├── setprototypeof@1.0.3
22 silly idealTree ├── sigmund@1.0.1
22 silly idealTree ├── slide@1.1.6
22 silly idealTree ├── stable@0.1.6
22 silly idealTree ├── statuses@1.3.1
22 silly idealTree ├── stream-buffers@0.2.6
22 silly idealTree ├── tar@0.1.20
22 silly idealTree ├── tmp@0.0.31
22 silly idealTree ├── traverse@0.3.9
22 silly idealTree ├── type-is@1.6.15
22 silly idealTree ├── unpipe@1.0.0
22 silly idealTree ├── unzip@0.0.4
22 silly idealTree ├── utils-merge@1.0.0
22 silly idealTree ├── vary@1.1.1
22 silly idealTree ├── vows@0.6.4
22 silly idealTree └── wordwrap@0.0.3
23 silly generateActionsToTake Starting
24 silly install generateActionsToTake
25 silly generateActionsToTake Finishing
26 silly diffTrees action count 0
27 silly decomposeActions action count 0
28 silly runTopLevelLifecycles Starting
29 silly install runPreinstallTopLevelLifecycles
30 silly preinstall wcs-contest@1.0.0 /Users/leeannamisterek/projects/wcs-contest/wcs-contest-cf44206e
31 info lifecycle wcs-contest@1.0.0~preinstall: wcs-contest@1.0.0
32 silly lifecycle wcs-contest@1.0.0~preinstall: no script for preinstall, continuing
33 silly executeActions Starting
34 silly install executeActions
35 silly doSerial global-install 0
36 silly doParallel fetch 0
37 verbose correctMkdir /Users/leeannamisterek/.npm/_locks correctMkdir not in flight; initializing
38 verbose lock using /Users/leeannamisterek/.npm/_locks/staging-a363e36914dc8046.lock for /Users/leeannamisterek/projects/wcs-contest/node_modules/.staging
39 silly doParallel extract 0
40 silly doParallel preinstall 0
41 silly doReverseSerial remove 0
42 silly doSerial move 0
43 silly doSerial finalize 0
44 silly doSerial build 0
45 silly doSerial global-link 0
46 silly doParallel update-linked 0
47 silly doSerial install 0
48 silly doSerial postinstall 0
49 verbose unlock done using /Users/leeannamisterek/.npm/_locks/staging-a363e36914dc8046.lock for /Users/leeannamisterek/projects/wcs-contest/node_modules/.staging
50 silly executeActions Finishing
51 silly rollbackFailedOptional Starting
52 silly rollbackFailedOptional Finishing
53 silly install runPostinstallTopLevelLifecycles
54 silly build wcs-contest@1.0.0
55 info linkStuff wcs-contest@1.0.0
56 silly linkStuff wcs-contest@1.0.0 has /Users/leeannamisterek/projects as its parent node_modules
57 verbose linkBins wcs-contest@1.0.0
58 verbose linkMans wcs-contest@1.0.0
59 silly install wcs-contest@1.0.0 /Users/leeannamisterek/projects/wcs-contest/wcs-contest-cf44206e
60 info lifecycle wcs-contest@1.0.0~install: wcs-contest@1.0.0
61 silly lifecycle wcs-contest@1.0.0~install: no script for install, continuing
62 silly postinstall wcs-contest@1.0.0 /Users/leeannamisterek/projects/wcs-contest/wcs-contest-cf44206e
63 info lifecycle wcs-contest@1.0.0~postinstall: wcs-contest@1.0.0
64 verbose lifecycle wcs-contest@1.0.0~postinstall: unsafe-perm in lifecycle true
65 verbose lifecycle wcs-contest@1.0.0~postinstall: PATH: /usr/local/lib/node_modules/npm/bin/node-gyp-bin:/Users/leeannamisterek/projects/wcs-contest/node_modules/.bin:/Users/leeannamisterek/.sdkman/candidates/groovy/current/bin:/Applications/MAMP/bin/php/php5.6.27/bin:/usr/local/bin:/usr/bin:/bin:/usr/sbin:/sbin
66 verbose lifecycle wcs-contest@1.0.0~postinstall: CWD: /Users/leeannamisterek/projects/wcs-contest
67 silly lifecycle wcs-contest@1.0.0~postinstall: Args: [ '-c', 'bower cache clean && bower install' ]
68 silly lifecycle wcs-contest@1.0.0~postinstall: Returned: code: 1  signal: null
69 info lifecycle wcs-contest@1.0.0~postinstall: Failed to exec postinstall script
70 verbose stack Error: wcs-contest@1.0.0 postinstall: `bower cache clean && bower install`
70 verbose stack Exit status 1
70 verbose stack     at EventEmitter.<anonymous> (/usr/local/lib/node_modules/npm/lib/utils/lifecycle.js:255:16)
70 verbose stack     at emitTwo (events.js:106:13)
70 verbose stack     at EventEmitter.emit (events.js:191:7)
70 verbose stack     at ChildProcess.<anonymous> (/usr/local/lib/node_modules/npm/lib/utils/spawn.js:40:14)
70 verbose stack     at emitTwo (events.js:106:13)
70 verbose stack     at ChildProcess.emit (events.js:191:7)
70 verbose stack     at maybeClose (internal/child_process.js:891:16)
70 verbose stack     at Process.ChildProcess._handle.onexit (internal/child_process.js:226:5)
71 verbose pkgid wcs-contest@1.0.0
72 verbose cwd /Users/leeannamisterek/projects/wcs-contest
73 error Darwin 16.6.0
74 error argv "/usr/local/bin/node" "/usr/local/bin/npm" "install"
75 error node v6.11.0
76 error npm  v3.10.10
77 error code ELIFECYCLE
78 error wcs-contest@1.0.0 postinstall: `bower cache clean && bower install`
78 error Exit status 1
79 error Failed at the wcs-contest@1.0.0 postinstall script 'bower cache clean && bower install'.
79 error Make sure you have the latest version of node.js and npm installed.
79 error If you do, this is most likely a problem with the wcs-contest package,
79 error not with npm itself.
79 error Tell the author that this fails on your system:
79 error     bower cache clean && bower install
79 error You can get information on how to open an issue for this project with:
79 error     npm bugs wcs-contest
79 error Or if that isn't available, you can get their info via:
79 error     npm owner ls wcs-contest
79 error There is likely additional logging output above.
80 verbose exit [ 1, true ]
